** Drc report for Nano-Board-rev-2.kicad_pcb **
** Created on 2026-05-02T11:57:55+0000 **

** Found 67 DRC violations **
[clearance]: Clearance violation (zone clearance 0.5000 mm; actual 0.4192 mm)
    Local override; error
    @(113.5500 mm, 102.4550 mm): Track [+5V] on B.Cu, length 8.8247 mm
    @(59.9920 mm, 72.0700 mm): Zone [GND] on F.Cu and B.Cu, priority 0
[clearance]: Clearance violation (zone clearance 0.5000 mm; actual 0.3612 mm)
    Local override; error
    @(86.5215 mm, 117.2777 mm): Track [MPU_INT] on B.Cu, length 1.4042 mm
    @(59.9920 mm, 72.0700 mm): Zone [GND] on F.Cu and B.Cu, priority 0
[clearance]: Clearance violation (zone clearance 0.5000 mm; actual 0.4805 mm)
    Local override; error
    @(105.6328 mm, 99.1600 mm): Track [+3V3] on F.Cu, length 4.5252 mm
    @(59.9920 mm, 72.0700 mm): Zone [GND] on F.Cu and B.Cu, priority 0
[clearance]: Clearance violation (zone clearance 0.5000 mm; actual 0.3612 mm)
    Local override; error
    @(86.5215 mm, 115.8735 mm): Track [MPU_INT] on B.Cu, length 4.1789 mm
    @(59.9920 mm, 72.0700 mm): Zone [GND] on F.Cu and B.Cu, priority 0
[clearance]: Clearance violation (zone clearance 0.5000 mm; actual 0.2204 mm)
    Local override; error
    @(98.0375 mm, 109.5074 mm): Via [+3V3] on F.Cu - B.Cu
    @(59.9920 mm, 72.0700 mm): Zone [GND] on F.Cu and B.Cu, priority 0
[clearance]: Clearance violation (zone clearance 0.5000 mm; actual 0.3308 mm)
    Local override; error
    @(93.1000 mm, 113.2700 mm): Track [SWO] on B.Cu, length 10.6066 mm
    @(59.9920 mm, 72.0700 mm): Zone [GND] on F.Cu and B.Cu, priority 0
[clearance]: Clearance violation (zone clearance 0.5000 mm; actual 0.4204 mm)
    Local override; error
    @(98.0375 mm, 109.5074 mm): Track [+3V3] on B.Cu, length 0.1701 mm
    @(59.9920 mm, 72.0700 mm): Zone [GND] on F.Cu and B.Cu, priority 0
[lib_footprint_mismatch]: Footprint 'LED_0603_1608Metric' does not match copy in library 'LED_SMD'.
    Local override; warning
    @(115.9323 mm, 114.5992 mm): Footprint D2
[lib_footprint_mismatch]: Footprint 'R_0402_1005Metric' does not match copy in library 'Resistor_SMD'.
    Local override; warning
    @(91.5600 mm, 112.9100 mm): Footprint R11
[lib_footprint_mismatch]: Footprint 'PinHeader_2x05_P2.54mm_Vertical_SMD' does not match copy in library 'Connector_PinHeader_2.54mm'.
    Local override; warning
    @(177.4606 mm, 125.5303 mm): Footprint J4
[lib_footprint_mismatch]: Footprint 'C_0402_1005Metric' does not match copy in library 'Capacitor_SMD'.
    Local override; warning
    @(99.1815 mm, 111.5968 mm): Footprint C20
[lib_footprint_mismatch]: Footprint 'R_0603_1608Metric' does not match copy in library 'Resistor_SMD'.
    Local override; warning
    @(92.8900 mm, 96.0700 mm): Footprint R25
[lib_footprint_mismatch]: Footprint 'R_0402_1005Metric' does not match copy in library 'Resistor_SMD'.
    Local override; warning
    @(181.7580 mm, 99.2850 mm): Footprint R17
[lib_footprint_mismatch]: Footprint 'R_0402_1005Metric' does not match copy in library 'Resistor_SMD'.
    Local override; warning
    @(175.0540 mm, 99.3010 mm): Footprint R22
[lib_footprint_mismatch]: Footprint 'C_0402_1005Metric' does not match copy in library 'Capacitor_SMD'.
    Local override; warning
    @(111.8775 mm, 104.7425 mm): Footprint C7
[lib_footprint_mismatch]: Footprint 'R_0402_1005Metric' does not match copy in library 'Resistor_SMD'.
    Local override; warning
    @(96.4310 mm, 131.6283 mm): Footprint R16
[lib_footprint_issues]: The current configuration does not include the footprint library 'newdemo.preety'.
    Local override; warning
    @(177.4700 mm, 111.8260 mm): Footprint G***
[lib_footprint_mismatch]: Footprint 'R_0402_1005Metric' does not match copy in library 'Resistor_SMD'.
    Local override; warning
    @(177.4530 mm, 99.3070 mm): Footprint R20
[lib_footprint_mismatch]: Footprint 'SOT-23-6' does not match copy in library 'Package_TO_SOT_SMD'.
    Local override; warning
    @(95.8303 mm, 93.0675 mm): Footprint U4
[lib_footprint_mismatch]: Footprint 'R_0402_1005Metric' does not match copy in library 'Resistor_SMD'.
    Local override; warning
    @(179.6020 mm, 99.2880 mm): Footprint R18
[lib_footprint_issues]: The current configuration does not include the footprint library 'newdemo.preety'.
    Local override; warning
    @(95.7600 mm, 102.0800 mm): Footprint G***
[lib_footprint_mismatch]: Footprint 'R_0402_1005Metric' does not match copy in library 'Resistor_SMD'.
    Local override; warning
    @(98.2700 mm, 96.8500 mm): Footprint R5
[lib_footprint_mismatch]: Footprint 'R_0402_1005Metric' does not match copy in library 'Resistor_SMD'.
    Local override; warning
    @(97.2700 mm, 96.8500 mm): Footprint R6
[lib_footprint_mismatch]: Footprint 'C_0402_1005Metric' does not match copy in library 'Capacitor_SMD'.
    Local override; warning
    @(110.6380 mm, 99.1600 mm): Footprint C8
[lib_footprint_mismatch]: Footprint 'R_0402_1005Metric' does not match copy in library 'Resistor_SMD'.
    Local override; warning
    @(183.0230 mm, 99.2970 mm): Footprint R23
[lib_footprint_mismatch]: Footprint 'PinHeader_2x05_P2.54mm_Vertical_SMD' does not match copy in library 'Connector_PinHeader_2.54mm'.
    Local override; warning
    @(163.6336 mm, 111.8233 mm): Footprint J3
[lib_footprint_mismatch]: Footprint 'LED_0603_1608Metric' does not match copy in library 'LED_SMD'.
    Local override; warning
    @(105.5993 mm, 95.3192 mm): Footprint D1
[lib_footprint_issues]: The current configuration does not include the footprint library 'FB_Library'.
    Local override; warning
    @(98.3840 mm, 84.0190 mm): Footprint J2
[lib_footprint_mismatch]: Footprint 'R_0402_1005Metric' does not match copy in library 'Resistor_SMD'.
    Local override; warning
    @(89.9200 mm, 93.5200 mm): Footprint R4
[lib_footprint_mismatch]: Footprint 'R_0402_1005Metric' does not match copy in library 'Resistor_SMD'.
    Local override; warning
    @(176.2720 mm, 99.3080 mm): Footprint R21
[lib_footprint_mismatch]: Footprint 'C_0402_1005Metric' does not match copy in library 'Capacitor_SMD'.
    Local override; warning
    @(84.4204 mm, 96.2554 mm): Footprint C11
[lib_footprint_mismatch]: Footprint 'R_0402_1005Metric' does not match copy in library 'Resistor_SMD'.
    Local override; warning
    @(78.9988 mm, 121.4712 mm): Footprint R14
[lib_footprint_mismatch]: Footprint 'C_0402_1005Metric' does not match copy in library 'Capacitor_SMD'.
    Local override; warning
    @(90.9800 mm, 93.5100 mm): Footprint C10
[lib_footprint_mismatch]: Footprint 'SOT-23-5' does not match copy in library 'Package_TO_SOT_SMD'.
    Local override; warning
    @(111.4350 mm, 102.0425 mm): Footprint U5
[lib_footprint_mismatch]: Footprint 'LED_0603_1608Metric' does not match copy in library 'LED_SMD'.
    Local override; warning
    @(95.9200 mm, 133.0800 mm): Footprint D4
[lib_footprint_mismatch]: Footprint 'R_0402_1005Metric' does not match copy in library 'Resistor_SMD'.
    Local override; warning
    @(115.8923 mm, 111.8792 mm): Footprint R2
[lib_footprint_mismatch]: Footprint 'LED_0603_1608Metric' does not match copy in library 'LED_SMD'.
    Local override; warning
    @(75.9723 mm, 113.4067 mm): Footprint D3
[lib_footprint_mismatch]: Footprint 'R_0402_1005Metric' does not match copy in library 'Resistor_SMD'.
    Local override; warning
    @(99.2700 mm, 96.8500 mm): Footprint R7
[lib_footprint_issues]: The current configuration does not include the footprint library 'Footprint'.
    Local override; warning
    @(95.8015 mm, 112.2699 mm): Footprint U8
[lib_footprint_issues]: The current configuration does not include the footprint library 'fp'.
    Local override; warning
    @(177.4740 mm, 88.6780 mm): Footprint J6
[lib_footprint_mismatch]: Footprint 'R_0402_1005Metric' does not match copy in library 'Resistor_SMD'.
    Local override; warning
    @(105.6303 mm, 98.6475 mm): Footprint R1
[lib_footprint_mismatch]: Footprint 'PinHeader_2x05_P2.54mm_Vertical_SMD' does not match copy in library 'Connector_PinHeader_2.54mm'.
    Local override; warning
    @(191.3507 mm, 111.8903 mm): Footprint J5
[lib_footprint_mismatch]: Footprint 'R_0402_1005Metric' does not match copy in library 'Resistor_SMD'.
    Local override; warning
    @(94.0700 mm, 131.6400 mm): Footprint R19
[lib_footprint_mismatch]: Footprint 'R_0402_1005Metric' does not match copy in library 'Resistor_SMD'.
    Local override; warning
    @(75.9623 mm, 110.7067 mm): Footprint R15
[lib_footprint_mismatch]: Footprint 'R_0402_1005Metric' does not match copy in library 'Resistor_SMD'.
    Local override; warning
    @(104.1953 mm, 129.9975 mm): Footprint R9
[lib_footprint_mismatch]: Footprint 'C_0402_1005Metric' does not match copy in library 'Capacitor_SMD'.
    Local override; warning
    @(92.5615 mm, 110.9468 mm): Footprint C19
[lib_footprint_mismatch]: Footprint 'R_0402_1005Metric' does not match copy in library 'Resistor_SMD'.
    Local override; warning
    @(92.5800 mm, 112.9100 mm): Footprint R10
[lib_footprint_mismatch]: Footprint 'C_0402_1005Metric' does not match copy in library 'Capacitor_SMD'.
    Local override; warning
    @(96.5715 mm, 108.8768 mm): Footprint C18
[lib_footprint_mismatch]: Footprint 'C_0402_1005Metric' does not match copy in library 'Capacitor_SMD'.
    Local override; warning
    @(89.4907 mm, 119.2408 mm): Footprint C2
[lib_footprint_mismatch]: Footprint 'C_0402_1005Metric' does not match copy in library 'Capacitor_SMD'.
    Local override; warning
    @(83.4610 mm, 124.5573 mm): Footprint C21
[lib_footprint_mismatch]: Footprint 'C_0402_1005Metric' does not match copy in library 'Capacitor_SMD'.
    Local override; warning
    @(97.8607 mm, 116.4508 mm): Footprint C4
[lib_footprint_mismatch]: Footprint 'C_0402_1005Metric' does not match copy in library 'Capacitor_SMD'.
    Local override; warning
    @(101.2060 mm, 118.6833 mm): Footprint C3
[lib_footprint_issues]: The current configuration does not include the footprint library 'newdemo.preety'.
    Local override; warning
    @(173.2520 mm, 83.4180 mm): Footprint G***
[lib_footprint_mismatch]: Footprint 'C_0402_1005Metric' does not match copy in library 'Capacitor_SMD'.
    Local override; warning
    @(101.2310 mm, 123.1783 mm): Footprint C17
[lib_footprint_mismatch]: Footprint 'R_0402_1005Metric' does not match copy in library 'Resistor_SMD'.
    Local override; warning
    @(108.6203 mm, 124.1975 mm): Footprint R3
[lib_footprint_issues]: The current configuration does not include the footprint library 'FPC_CONNECTOR24'.
    Local override; warning
    @(178.7760 mm, 119.4055 mm): Footprint U3
[lib_footprint_mismatch]: Footprint 'LQFP-48_7x7mm_P0.5mm' does not match copy in library 'Package_QFP'.
    Local override; warning
    @(95.2900 mm, 122.1300 mm): Footprint U1
[lib_footprint_mismatch]: Footprint 'C_0402_1005Metric' does not match copy in library 'Capacitor_SMD'.
    Local override; warning
    @(102.3310 mm, 123.1783 mm): Footprint C9
[lib_footprint_mismatch]: Footprint 'R_0402_1005Metric' does not match copy in library 'Resistor_SMD'.
    Local override; warning
    @(83.0994 mm, 126.3206 mm): Footprint R12
[lib_footprint_mismatch]: Footprint 'C_0402_1005Metric' does not match copy in library 'Capacitor_SMD'.
    Local override; warning
    @(106.0093 mm, 112.7592 mm): Footprint C5
[lib_footprint_mismatch]: Footprint 'C_0402_1005Metric' does not match copy in library 'Capacitor_SMD'.
    Local override; warning
    @(107.1453 mm, 125.6475 mm): Footprint C15
[lib_footprint_mismatch]: Footprint 'C_0402_1005Metric' does not match copy in library 'Capacitor_SMD'.
    Local override; warning
    @(92.8700 mm, 128.0600 mm): Footprint C1
[lib_footprint_issues]: The current configuration does not include the footprint library 'newdemo.preety'.
    Local override; warning
    @(81.1200 mm, 109.1800 mm): Footprint G***
[lib_footprint_mismatch]: Footprint 'C_0402_1005Metric' does not match copy in library 'Capacitor_SMD'.
    Local override; warning
    @(106.0293 mm, 114.8892 mm): Footprint C6
[lib_footprint_mismatch]: Footprint 'R_0402_1005Metric' does not match copy in library 'Resistor_SMD'.
    Local override; warning
    @(108.7453 mm, 126.1225 mm): Footprint R8
[lib_footprint_mismatch]: Footprint 'R_0402_1005Metric' does not match copy in library 'Resistor_SMD'.
    Local override; warning
    @(81.6894 mm, 124.9406 mm): Footprint R13
[lib_footprint_issues]: The current configuration does not include the footprint library 'model'.
    Local override; warning
    @(95.8005 mm, 83.2040 mm): Footprint U6

** Found 0 unconnected pads **

** Found 6 Footprint errors **
[missing_footprint]: Missing footprint BOOT1 (SW3)
    Local override; warning
[missing_footprint]: Missing footprint RESET1 (SW1)
    Local override; warning
[missing_footprint]: Missing footprint USER1 (SW2)
    Local override; warning
[extra_footprint]: Extra footprint
    Local override; warning
    @(89.7300 mm, 87.0650 mm): Footprint RESET
[extra_footprint]: Extra footprint
    Local override; warning
    @(108.5100 mm, 125.3700 mm): Footprint BOOT
[extra_footprint]: Extra footprint
    Local override; warning
    @(83.0431 mm, 125.2393 mm): Footprint USER

** End of Report **
